c:\rlkt\dn_src\dragonnest\common\eternityenginesrv\release\eternityenginesrv.pch
c:\rlkt\dn_src\dragonnest\common\eternityenginesrv\release\stdafx.obj
c:\rlkt\dn_src\dragonnest\common\eternityenginesrv\release\vc80.pdb
c:\rlkt\dn_src\dragonnest\common\eternityenginesrv\release\eternityengine.obj
c:\rlkt\dn_src\dragonnest\common\eternityenginesrv\release\etterrainarea.obj
c:\rlkt\dn_src\dragonnest\common\eternityenginesrv\release\etterrain.obj
c:\rlkt\dn_src\dragonnest\common\eternityenginesrv\release\etsubmesh.obj
c:\rlkt\dn_src\dragonnest\common\eternityenginesrv\release\etskin.obj
c:\rlkt\dn_src\dragonnest\common\eternityenginesrv\release\etresource.obj
c:\rlkt\dn_src\dragonnest\common\eternityenginesrv\release\etobject.obj
c:\rlkt\dn_src\dragonnest\common\eternityenginesrv\release\etmesh.obj
c:\rlkt\dn_src\dragonnest\common\eternityenginesrv\release\etloader.obj
c:\rlkt\dn_src\dragonnest\common\eternityenginesrv\release\eterror.obj
c:\rlkt\dn_src\dragonnest\common\eternityenginesrv\release\etengine.obj
c:\rlkt\dn_src\dragonnest\common\eternityenginesrv\release\etcollisionmng.obj
c:\rlkt\dn_src\dragonnest\common\eternityenginesrv\release\etcollisionentity.obj
c:\rlkt\dn_src\dragonnest\common\eternityenginesrv\release\etcamera.obj
c:\rlkt\dn_src\dragonnest\common\eternityenginesrv\release\etbone.obj
c:\rlkt\dn_src\dragonnest\common\eternityenginesrv\release\etaniobject.obj
c:\rlkt\dn_src\dragonnest\common\eternityenginesrv\release\etanikey.obj
c:\rlkt\dn_src\dragonnest\common\eternityenginesrv\release\etani.obj
c:\rlkt\dn_src\dragonnest\server\dnvillageserver\release\eternityenginesrv.lib
d:\projects\cpp\dragonnest\common\eternityenginesrv\release\eternityenginesrv.pch
d:\projects\cpp\dragonnest\server\dngameserver\release\eternityenginesrv.pdb
d:\projects\cpp\dragonnest\common\eternityenginesrv\release\stdafx.obj
d:\projects\cpp\dragonnest\common\eternityenginesrv\release\etcollisionmng.obj
d:\projects\cpp\dragonnest\common\eternityenginesrv\release\etterrainarea.obj
d:\projects\cpp\dragonnest\common\eternityenginesrv\release\etterrain.obj
d:\projects\cpp\dragonnest\common\eternityenginesrv\release\etsubmesh.obj
d:\projects\cpp\dragonnest\common\eternityenginesrv\release\etskin.obj
d:\projects\cpp\dragonnest\common\eternityenginesrv\release\etresource.obj
d:\projects\cpp\dragonnest\common\eternityenginesrv\release\etmesh.obj
d:\projects\cpp\dragonnest\common\eternityenginesrv\release\etloader.obj
d:\projects\cpp\dragonnest\common\eternityenginesrv\release\etbone.obj
d:\projects\cpp\dragonnest\common\eternityenginesrv\release\etanikey.obj
d:\projects\cpp\dragonnest\common\eternityenginesrv\release\etani.obj
d:\projects\cpp\dragonnest\common\eternityenginesrv\release\eterror.obj
d:\projects\cpp\dragonnest\common\eternityenginesrv\release\etobject.obj
d:\projects\cpp\dragonnest\common\eternityenginesrv\release\etcollisionentity.obj
d:\projects\cpp\dragonnest\common\eternityenginesrv\release\etcamera.obj
d:\projects\cpp\dragonnest\common\eternityenginesrv\release\etaniobject.obj
d:\projects\cpp\dragonnest\common\eternityenginesrv\release\eternityengine.obj
d:\projects\cpp\dragonnest\common\eternityenginesrv\release\etengine.obj
d:\projects\cpp\dragonnest\server\dngameserver\release\eternityenginesrv.lib
d:\projects\cpp\dragonnest\common\eternityenginesrv\release\cl.command.1.tlog
d:\projects\cpp\dragonnest\common\eternityenginesrv\release\cl.read.1.tlog
d:\projects\cpp\dragonnest\common\eternityenginesrv\release\cl.write.1.tlog
d:\projects\cpp\dragonnest\common\eternityenginesrv\release\lib-link.read.1.tlog
d:\projects\cpp\dragonnest\common\eternityenginesrv\release\lib-link.write.1.tlog
d:\projects\cpp\dragonnest\common\eternityenginesrv\release\lib.command.1.tlog
d:\projects\cpp\dragonnest\common\eternityenginesrv\release\lib.read.1.tlog
d:\projects\cpp\dragonnest\common\eternityenginesrv\release\eternity.13ec1108.tlog\cl.command.1.tlog
d:\projects\cpp\dragonnest\common\eternityenginesrv\release\eternity.13ec1108.tlog\cl.items.tlog
d:\projects\cpp\dragonnest\common\eternityenginesrv\release\eternity.13ec1108.tlog\cl.read.1.tlog
d:\projects\cpp\dragonnest\common\eternityenginesrv\release\eternity.13ec1108.tlog\cl.write.1.tlog
d:\projects\cpp\dragonnest\common\eternityenginesrv\release\eternity.13ec1108.tlog\lib-link.read.1.tlog
d:\projects\cpp\dragonnest\common\eternityenginesrv\release\eternity.13ec1108.tlog\lib-link.write.1.tlog
d:\projects\cpp\dragonnest\common\eternityenginesrv\release\eternity.13ec1108.tlog\lib.command.1.tlog
