E:\RLKT888\RLKT\dn_src\DragonNest\Common\EternityEngineSrv\x64\Release\cl.command.1.tlog
E:\RLKT888\RLKT\dn_src\DragonNest\Common\EternityEngineSrv\x64\Release\CL.read.1.tlog
E:\RLKT888\RLKT\dn_src\DragonNest\Common\EternityEngineSrv\x64\Release\CL.write.1.tlog
E:\RLKT888\RLKT\DN_SRC\DRAGONNEST\COMMON\ETERNITYENGINESRV\X64\RELEASE\ETANI.OBJ
E:\RLKT888\RLKT\DN_SRC\DRAGONNEST\COMMON\ETERNITYENGINESRV\X64\RELEASE\ETANIKEY.OBJ
E:\RLKT888\RLKT\DN_SRC\DRAGONNEST\COMMON\ETERNITYENGINESRV\X64\RELEASE\ETANIOBJECT.OBJ
E:\RLKT888\RLKT\DN_SRC\DRAGONNEST\COMMON\ETERNITYENGINESRV\X64\RELEASE\ETBONE.OBJ
E:\RLKT888\RLKT\DN_SRC\DRAGONNEST\COMMON\ETERNITYENGINESRV\X64\RELEASE\ETCAMERA.OBJ
E:\RLKT888\RLKT\DN_SRC\DRAGONNEST\COMMON\ETERNITYENGINESRV\X64\RELEASE\ETCOLLISIONENTITY.OBJ
E:\RLKT888\RLKT\DN_SRC\DRAGONNEST\COMMON\ETERNITYENGINESRV\X64\RELEASE\ETCOLLISIONMNG.OBJ
E:\RLKT888\RLKT\DN_SRC\DRAGONNEST\COMMON\ETERNITYENGINESRV\X64\RELEASE\ETENGINE.OBJ
E:\RLKT888\RLKT\DN_SRC\DRAGONNEST\COMMON\ETERNITYENGINESRV\X64\RELEASE\ETERNITYENGINE.OBJ
E:\RLKT888\RLKT\DN_SRC\DRAGONNEST\COMMON\ETERNITYENGINESRV\X64\RELEASE\ETERNITYENGINESRV.PCH
E:\RLKT888\RLKT\DN_SRC\DRAGONNEST\COMMON\ETERNITYENGINESRV\X64\RELEASE\ETERROR.OBJ
E:\RLKT888\RLKT\DN_SRC\DRAGONNEST\COMMON\ETERNITYENGINESRV\X64\RELEASE\ETLOADER.OBJ
E:\RLKT888\RLKT\DN_SRC\DRAGONNEST\COMMON\ETERNITYENGINESRV\X64\RELEASE\ETMESH.OBJ
E:\RLKT888\RLKT\DN_SRC\DRAGONNEST\COMMON\ETERNITYENGINESRV\X64\RELEASE\ETOBJECT.OBJ
E:\RLKT888\RLKT\DN_SRC\DRAGONNEST\COMMON\ETERNITYENGINESRV\X64\RELEASE\ETRESOURCE.OBJ
E:\RLKT888\RLKT\DN_SRC\DRAGONNEST\COMMON\ETERNITYENGINESRV\X64\RELEASE\ETSKIN.OBJ
E:\RLKT888\RLKT\DN_SRC\DRAGONNEST\COMMON\ETERNITYENGINESRV\X64\RELEASE\ETSUBMESH.OBJ
E:\RLKT888\RLKT\DN_SRC\DRAGONNEST\COMMON\ETERNITYENGINESRV\X64\RELEASE\ETTERRAIN.OBJ
E:\RLKT888\RLKT\DN_SRC\DRAGONNEST\COMMON\ETERNITYENGINESRV\X64\RELEASE\ETTERRAINAREA.OBJ
E:\RLKT888\RLKT\dn_src\DragonNest\Common\EternityEngineSrv\x64\Release\lib.command.1.tlog
E:\RLKT888\RLKT\dn_src\DragonNest\Common\EternityEngineSrv\x64\Release\Lib.read.1.tlog
E:\RLKT888\RLKT\dn_src\DragonNest\Common\EternityEngineSrv\x64\Release\Lib-link.read.1.tlog
E:\RLKT888\RLKT\dn_src\DragonNest\Common\EternityEngineSrv\x64\Release\Lib-link.write.1.tlog
E:\RLKT888\RLKT\DN_SRC\DRAGONNEST\COMMON\ETERNITYENGINESRV\X64\RELEASE\STDAFX.OBJ
E:\RLKT888\RLKT\DN_SRC\DRAGONNEST\COMMON\ETERNITYENGINESRV\X64\RELEASE\VC80.PDB
E:\RLKT888\RLKT\DN_SRC\DRAGONNEST\SERVER\DNVILLAGESERVER\X64\RELEASE\ETERNITYENGINESRV.LIB
